<?xml version="1.0" encoding="UTF-8"?>
<testsuite name="PrimeNumbersTest" tests="1" skipped="0" failures="0" errors="0" timestamp="2023-03-05T14:41:45" hostname="LAPTOP-7F0SC70I" time="0.052">
  <properties/>
  <testcase name="givePrimeNumbers()" classname="PrimeNumbersTest" time="0.052"/>
  <system-out><![CDATA[]]></system-out>
  <system-err><![CDATA[]]></system-err>
</testsuite>
